<?xml version="1.0" encoding="UTF-8"?>
<!-- Generated by org.testng.reporters.JUnitReportReporter -->
<testsuite hostname="DESKTOP-H5MG9OP" failures="0" tests="2" name="testNGConcepts.DisabledTest" time="0.007" errors="0" timestamp="2022-03-20T13:24:14 IST" skipped="1">
  <testcase classname="testNGConcepts.DisabledTest" name="enabledTest" time="0.007"/>
  <system-out/>
  <testcase classname="testNGConcepts.DisabledTest" name="disabledTest">
    <skipped/>
  </testcase> <!-- disabledTest -->
  <system-out/>
</testsuite> <!-- testNGConcepts.DisabledTest -->
