<?xml version="1.0" encoding="UTF-8"?>
<!-- Generated by org.testng.reporters.JUnitReportReporter -->
<testsuite hostname="DESKTOP-H5MG9OP" failures="0" tests="4" name="practice.InvocationCountTest" time="0.012" errors="0" timestamp="2022-02-22T22:16:33 IST" skipped="0">
  <testcase classname="practice.InvocationCountTest" name="invocationTest" time="0.001"/>
  <system-out/>
  <testcase classname="practice.InvocationCountTest" name="invocationTest" time="0.001"/>
  <system-out/>
  <testcase classname="practice.InvocationCountTest" name="invocationTest" time="0.009"/>
  <system-out/>
  <testcase classname="practice.InvocationCountTest" name="invocationTest" time="0.001"/>
  <system-out/>
</testsuite> <!-- practice.InvocationCountTest -->
