<?xml version="1.0" encoding="UTF-8"?>
<!-- Generated by org.testng.reporters.JUnitReportReporter -->
<testsuite hostname="DESKTOP-H5MG9OP" failures="0" tests="2" name="testNGConcepts.ParallelTest1" time="49.961" errors="0" timestamp="2022-03-20T19:36:23 IST" skipped="0">
  <testcase classname="testNGConcepts.ParallelTest1" name="loginTest" time="27.679"/>
  <system-out/>
  <testcase classname="testNGConcepts.ParallelTest1" name="titleTest" time="22.282"/>
  <system-out/>
</testsuite> <!-- testNGConcepts.ParallelTest1 -->
