<?xml version="1.0" encoding="UTF-8"?>
<!-- Generated by org.testng.reporters.JUnitReportReporter -->
<testsuite hostname="DESKTOP-H5MG9OP" failures="0" tests="1" name="testNGConcepts.DataProviderExcelTest" time="0.000" errors="0" timestamp="2022-03-03T22:43:10 IST" skipped="1">
  <testcase classname="testNGConcepts.DataProviderExcelTest" name="registerUser" time="0.000">
    <skipped/>
  </testcase> <!-- registerUser -->
  <system-out/>
</testsuite> <!-- testNGConcepts.DataProviderExcelTest -->
