<?xml version="1.0" encoding="UTF-8"?>
<!-- Generated by org.testng.reporters.JUnitReportReporter -->
<testsuite hostname="DESKTOP-H5MG9OP" failures="0" tests="1" name="testNGUtil.GetData" time="0.512" errors="0" timestamp="2022-02-27T22:26:23 IST" skipped="0">
  <testcase classname="testNGUtil.GetData" name="getData" time="0.512"/>
  <system-out/>
</testsuite> <!-- testNGUtil.GetData -->
