<?xml version="1.0" encoding="UTF-8"?>
<!-- Generated by org.testng.reporters.JUnitReportReporter -->
<testsuite hostname="DESKTOP-S9D1FK5" failures="0" tests="4" name="testNGTests.Test2" time="0.012" errors="0" timestamp="2022-01-23T16:44:16 IST" skipped="0">
  <testcase classname="testNGTests.Test2" name="division2" time="0.009"/>
  <system-out/>
  <testcase classname="testNGTests.Test2" name="addtion2" time="0.001"/>
  <system-out/>
  <testcase classname="testNGTests.Test2" name="subtraction2" time="0.001"/>
  <system-out/>
  <testcase classname="testNGTests.Test2" name="multiplication2" time="0.001"/>
  <system-out/>
</testsuite> <!-- testNGTests.Test2 -->
