<?xml version="1.0" encoding="UTF-8"?>
<!-- Generated by org.testng.reporters.JUnitReportReporter -->
<testsuite hostname="DESKTOP-S9D1FK5" failures="0" tests="1" name="webTestNG.ErrorMessageVerification" time="6.107" errors="0" timestamp="2022-01-27T22:27:42 IST" skipped="0">
  <testcase classname="webTestNG.ErrorMessageVerification" name="error" time="6.107"/>
  <system-out/>
</testsuite> <!-- webTestNG.ErrorMessageVerification -->
