<?xml version="1.0" encoding="UTF-8"?>
<!-- Generated by org.testng.reporters.JUnitReportReporter -->
<testsuite hostname="DESKTOP-H5MG9OP" failures="0" tests="8" name="testNGConcepts.DataProviderTest" time="0.013" errors="0" timestamp="2022-03-01T23:10:09 IST" skipped="0">
  <testcase classname="testNGConcepts.DataProviderTest" name="registerUser" time="0.006"/>
  <system-out/>
  <testcase classname="testNGConcepts.DataProviderTest" name="registerUser1" time="0.001"/>
  <system-out/>
  <testcase classname="testNGConcepts.DataProviderTest" name="registerUser" time="0.002"/>
  <system-out/>
  <testcase classname="testNGConcepts.DataProviderTest" name="registerUser" time="0.001"/>
  <system-out/>
  <testcase classname="testNGConcepts.DataProviderTest" name="registerUser1" time="0.001"/>
  <system-out/>
  <testcase classname="testNGConcepts.DataProviderTest" name="registerUser1" time="0.000"/>
  <system-out/>
  <testcase classname="testNGConcepts.DataProviderTest" name="registerUser" time="0.001"/>
  <system-out/>
  <testcase classname="testNGConcepts.DataProviderTest" name="registerUser1" time="0.001"/>
  <system-out/>
</testsuite> <!-- testNGConcepts.DataProviderTest -->
