<?xml version="1.0" encoding="UTF-8"?>
<!-- Generated by org.testng.reporters.JUnitReportReporter -->
<testsuite hostname="DESKTOP-H5MG9OP" failures="0" tests="2" name="testNGConcepts.BasicTest" time="14.850" errors="0" timestamp="2022-03-20T18:32:42 IST" skipped="0">
  <testcase classname="testNGConcepts.BasicTest" name="googleLogo" time="6.459"/>
  <system-out/>
  <testcase classname="testNGConcepts.BasicTest" name="googleLinkText" time="8.391"/>
  <system-out/>
</testsuite> <!-- testNGConcepts.BasicTest -->
