<?xml version="1.0" encoding="UTF-8"?>
<!-- Generated by org.testng.reporters.JUnitReportReporter -->
<testsuite hostname="DESKTOP-H5MG9OP" failures="0" tests="3" name="testNGConcepts.BasicTest" time="17.255" errors="0" timestamp="2022-02-23T00:04:31 IST" skipped="0">
  <testcase classname="testNGConcepts.BasicTest" name="googleTitleTest" time="5.928"/>
  <system-out/>
  <testcase classname="testNGConcepts.BasicTest" name="googleLogo" time="4.712"/>
  <system-out/>
  <testcase classname="testNGConcepts.BasicTest" name="googleLinkText" time="6.615"/>
  <system-out/>
</testsuite> <!-- testNGConcepts.BasicTest -->
