<?xml version="1.0" encoding="UTF-8"?>
<!-- Generated by org.testng.reporters.JUnitReportReporter -->
<testsuite hostname="DESKTOP-H5MG9OP" failures="0" tests="3" name="testNGTests.CrossBrowser" time="31.946" errors="0" timestamp="2022-02-06T16:43:26 IST" skipped="0">
  <testcase classname="testNGTests.CrossBrowser" name="crossBrowser" time="10.039"/>
  <system-out/>
  <testcase classname="testNGTests.CrossBrowser" name="crossBrowser" time="7.452"/>
  <system-out/>
  <testcase classname="testNGTests.CrossBrowser" name="crossBrowser" time="14.455"/>
  <system-out/>
</testsuite> <!-- testNGTests.CrossBrowser -->
